k:\university\advanced graphics and real-time rendering\framework\ssao\advanced-graphics\debug\vc140.pdb
k:\university\advanced graphics and real-time rendering\framework\ssao\advanced-graphics\debug\vc140.idb
k:\university\advanced graphics and real-time rendering\framework\ssao\advanced-graphics\debug\texturehandler.obj
k:\university\advanced graphics and real-time rendering\framework\ssao\advanced-graphics\debug\scenelight.obj
k:\university\advanced graphics and real-time rendering\framework\ssao\advanced-graphics\debug\rendertotextureprocess.obj
k:\university\advanced graphics and real-time rendering\framework\ssao\advanced-graphics\debug\renderprocess.obj
k:\university\advanced graphics and real-time rendering\framework\ssao\advanced-graphics\debug\gameobject.obj
k:\university\advanced graphics and real-time rendering\framework\ssao\advanced-graphics\debug\main.obj
k:\university\advanced graphics and real-time rendering\framework\ssao\advanced-graphics\debug\ddstextureloader.obj
k:\university\advanced graphics and real-time rendering\framework\ssao\advanced-graphics\debug\camera.obj
k:\university\advanced graphics and real-time rendering\framework\ssao\advanced-graphics\debug\dx11 framework basic depth mapping.cso
k:\university\advanced graphics and real-time rendering\framework\ssao\advanced-graphics\debug\dx11 framework basic.cso
k:\university\advanced graphics and real-time rendering\framework\ssao\advanced-graphics\debug\dx11 framework deferred lighting.cso
k:\university\advanced graphics and real-time rendering\framework\ssao\advanced-graphics\debug\dx11 framework dof hor blur.cso
k:\university\advanced graphics and real-time rendering\framework\ssao\advanced-graphics\debug\dx11 framework dof vert blur.cso
k:\university\advanced graphics and real-time rendering\framework\ssao\advanced-graphics\debug\dx11 framework horizontal blur.cso
k:\university\advanced graphics and real-time rendering\framework\ssao\advanced-graphics\debug\dx11 framework parallax ss diffuse mapping.cso
k:\university\advanced graphics and real-time rendering\framework\ssao\advanced-graphics\debug\dx11 framework parallax ss.cso
k:\university\advanced graphics and real-time rendering\framework\ssao\advanced-graphics\debug\dx11 framework parallax.cso
k:\university\advanced graphics and real-time rendering\framework\ssao\advanced-graphics\debug\dx11 framework pixel ss.cso
k:\university\advanced graphics and real-time rendering\framework\ssao\advanced-graphics\debug\dx11 framework render to texture.cso
k:\university\advanced graphics and real-time rendering\framework\ssao\advanced-graphics\debug\dx11 framework depth mapping.cso
k:\university\advanced graphics and real-time rendering\framework\ssao\advanced-graphics\debug\dx11 framework ssao ambient map.cso
k:\university\advanced graphics and real-time rendering\framework\ssao\advanced-graphics\debug\dx11 framework ssao normal map.cso
k:\university\advanced graphics and real-time rendering\framework\ssao\advanced-graphics\debug\dx11 framework vertex.cso
k:\university\advanced graphics and real-time rendering\framework\ssao\advanced-graphics\debug\dx11 framework pixel.cso
k:\university\advanced graphics and real-time rendering\framework\ssao\advanced-graphics\debug\dx11 framework vertical blur.cso
k:\university\advanced graphics and real-time rendering\framework\ssao\advanced-graphics\debug\dx11 framework.tlog\cl.command.1.tlog
k:\university\advanced graphics and real-time rendering\framework\ssao\advanced-graphics\debug\dx11 framework.tlog\cl.read.1.tlog
k:\university\advanced graphics and real-time rendering\framework\ssao\advanced-graphics\debug\dx11 framework.tlog\cl.write.1.tlog
k:\university\advanced graphics and real-time rendering\framework\ssao\advanced-graphics\debug\dx11 framework.tlog\dx11 framework.write.1u.tlog
